DriveCmd_AccCmdOvrCal_val 

DriveCmd_BrakeDecelCmdOvrCal_val 

Pwr_tOffDelay_val 

Remote_max_decl 

SteeringCmd_AngelCmdOvrCal_val 

SteeringCmd_AngelRateCmdOvrCal_val 

Toaster1_wheel_tire_radius 

Veh_7BCLF_Wheel_spdOvrCal_val 

Veh_7BCLR_Wheel_spdOvrCal_val 

Veh_7BCRF_Wheel_spdOvrCal_val 

Veh_7BCRR_Wheel_spdOvrCal_val 

acceleratorPositionOvrCal_val 

acceleratorPositionRateOvrCal_val 

brakePedalDriverActivityThreshold_percent 

brakePedalDriverActivityThreshold_ticks 

brakePedalDriverOverrideThreshold_percent 

brakePedalDriverOverrideThreshold_ticks 

brakePedalPositionOvrCal_val 

brakePedalPositionRateLimit_percentps 

cmd_brakePedalPositionOvrCal_val 

cmd_brakePedalPositionRateOvrCal_val 

steeringWheelAngleCommand_DegOvrCal_val 

steeringWheelAngleRateCommandOvrCal_val 

steeringWheelAngleRateSetpointOvrCal_val 

steeringWheelAngleSetpoint_DegOvrCal_val 

steering_feedback_eps_statusOvrCal_val 

systemAgeValidOvrCal_val 

throttlePedalDriverActivityThreshold_percent 

throttlePedalDriverActivityThreshold_ticks 

throttlePedalDriverOverrideThreshold_percent 

throttlePedalDriverOverrideThreshold_ticks 

throttlePedalPositionOvrCal_val 

throttlePedalPositionRateLimit_percentps 

CAL_LedBrightnessDutyCycle_OFF 

CAL_LedBrightnessDutyCycle_ON 

greenLEDDutyOvrCal_val 

greenLEDFreqOvrCal_val 

redLEDDutyOvrCal_val 

redLEDFreqOvrCal_val 

systemAgeOvrCal_val 

yellowLEDDutyOvrCal_val 

yellowLEDFreqOvrCal_val 

Bypass_BeepFrqSetting 

Bypass_BeepPattern 

DriveCmd_GearCmdOvrCal_val 

DuringOfBuzzerOnAfterEpoPressed_tick 

SetBuzzerBeepFrqHi_Tick 

SetBuzzerBeepFrqLo_tick 

SetBuzzerChirpDuration_Tick 

SetBuzzerChirpGap_Tick 

accessoryCommandAgeThreshold 

brakeCommandAgeThreshold 

shiftCommandAgeThreshold 

steerCommandAgeThreshold 

steeringWheelAngle_rawOvrCal_val 

steeringWheelDriverOverrideThreshold_ticks 

steeringWheelFaultOverrideThreshold_ticks 

systemCommandAgeThreshold 

throttleCommandAgeThreshold 

vehicle7B0AgeThreshold 

vehicle7B1AgeThreshold 

vehicle7B3AgeThreshold 

vehicle7B4AgeThreshold 

vehicle7B5AgeThreshold 

vehicle7B9AgeThreshold 

vehicle7BAAgeThreshold 

vehicle7BBAgeThreshold 

vehicle7BCAgeThreshold 

vehicle7BEAgeThreshold 

vehicle7BFAgeThreshold 

vehicle7D3AgeThreshold 

ByPass_ValidateAccessoryCommandAge 

ByPass_ValidateAccessoryCommandCRC 

ByPass_ValidateAccessoryCommandCounter 

ByPass_ValidateBrakeCommandCRC 

ByPass_ValidateBrakeCommandCounter 

ByPass_ValidateShiftCommandAge 

ByPass_ValidateShiftCommandCRC 

ByPass_ValidateShiftCommandCounter 

ByPass_ValidateSteerCommandAge 

ByPass_ValidateSteerCommandCRC 

ByPass_ValidateSteerCommandCounter 

ByPass_ValidateSystemCommandAge 

ByPass_ValidateSystemCommandCRC 

ByPass_ValidateSystemCommandCounter 

ByPass_ValidateThrottleCommandAge 

ByPass_ValidateThrottleCommandCRC 

ByPass_ValidateThrottleCommandCounter 

ByPass_ValidatekBrakeCommandAge 

CMD_DoorFROvrEn_val 

CMD_hornOvrEn_val 

DBW_EPB_cmd_7A4OvrEn_val 

DriveCmd_AccCmdOvrEn_val 

DriveCmd_BrakeDecelCmdOvrEn_val 

DriveCmd_GearCmdOvrEn_val 

EPOOvrCal_val 

EPOOvrEn_val 

Enable_BuzzerOnAfterEpoPressed 

FWDOvrCal_val 

FWDOvrEn_val 

F_R_2OvrCal_val 

F_R_2OvrEn_val 

LSO03_PIN14OvrCal_val 

LSO03_PIN14OvrEn_val 

LSO04_PIN45OvrCal_val 

LSO04_PIN45OvrEn_val 

LSO05_PIN46OvrCal_val 

LSO05_PIN46OvrEn_val 

LSO06_PIN13OvrCal_val 

LSO06_PIN13OvrEn_val 

LightControl_HighBeamOvrCal_val 

LightControl_HighBeamOvrEn_val 

LightControl_LowBeamOvrCal_val 

LightControl_LowBeamOvrEn_val 

MAIN_NOOvrCal_val 

MAIN_NOOvrEn_val 

MiscControl_HazardOvrCal_val 

MiscControl_HazardOvrEn_val 

MiscControl_LeftturnOvrCal_val 

MiscControl_LeftturnOvrEn_val 

MiscControl_RightturnOvrCal_val 

MiscControl_RightturnOvrEn_val 

MiscControl_horn_flgOvrCal_val 

MiscControl_horn_flgOvrEn_val 

REVOvrCal_val 

REVOvrEn_val 

SSC_adcCapableOvrCal_val 

SSC_adcCapableOvrEn_val 

SSC_canFaultOvrCal_val 

SSC_canFaultOvrEn_val 

SSC_clearOverrideOvrCal_val 

SSC_clearOverrideOvrEn_val 

SSC_driverActivityOvrCal_val 

SSC_driverActivityOvrEn_val 

SSC_driverOverrideByteOvrEn_val 

SSC_driverOverrideOvrCal_val 

SSC_driverOverrideOvrEn_val 

SSC_faultOverrideByteOvrEn_val 

SSC_faultOvrCal_val 

SSC_faultOvrEn_val 

SSC_requestADSEngagedOvrCal_val 

SSC_requestADSEngagedOvrEn_val 

SSC_subsystemSelectOvrEn_val 

SteeringCmd_AngelCmdOvrEn_val 

SteeringCmd_AngelRateCmdOvrEn_val 

Veh_7B2ageValidOvrCal_val 

Veh_7B2ageValidOvrEn_val 

Veh_7BCLF_Wheel_spdOvrEn_val 

Veh_7BCLR_Wheel_spdOvrEn_val 

Veh_7BCRF_Wheel_spdOvrEn_val 

Veh_7BCRR_Wheel_spdOvrEn_val 

Vehicle7B0AgeValidOvrCal_val 

Vehicle7B0AgeValidOvrEn_val 

Vehicle7B1AgeValidOvrCal_val 

Vehicle7B1AgeValidOvrEn_val 

Vehicle7B3AgeValidOvrCal_val 

Vehicle7B3AgeValidOvrEn_val 

Vehicle7B4AgeValidOvrCal_val 

Vehicle7B4AgeValidOvrEn_val 

Vehicle7B5AgeValidOvrCal_val 

Vehicle7B5AgeValidOvrEn_val 

Vehicle7B9AgeValidOvrCal_val 

Vehicle7B9AgeValidOvrEn_val 

Vehicle7BA_AgeValidOvrCal_val 

Vehicle7BA_AgeValidOvrEn_val 

Vehicle7BBAgeValidOvrCal_val 

Vehicle7BBAgeValidOvrEn_val 

Vehicle7BCAgeValidOvrCal_val 

Vehicle7BCAgeValidOvrEn_val 

Vehicle7BEAgeValidOvrCal_val 

Vehicle7BEAgeValidOvrEn_val 

Vehicle7BFAgeValidOvrCal_val 

Vehicle7BFAgeValidOvrEn_val 

Vehicle7D3AgeValidOvrCal_val 

Vehicle7D3AgeValidOvrEn_val 

acceleratorPositionOvrEn_val 

acceleratorPositionRateOvrEn_val 

accessoryAgeValidOvrCal_val 

accessoryAgeValidOvrEn_val 

accessoryCanFaultOvrCal_val 

accessoryCanFaultOvrEn_val 

accessoryCntValidOvrCal_val 

accessoryCntValidOvrEn_val 

accessoryCrcValidOvrCal_val 

accessoryCrcValidOvrEn_val 

accessoryFaultOvrCal_val 

accessoryFaultOvrEn_val 

adcCapableOvrCal_val 

adcCapableOvrEn_val 

brakeAgeValidOvrCal_val 

brakeAgeValidOvrEn_val 

brakeCanFaultOvrCal_val 

brakeCanFaultOvrEn_val 

brakeCntValidOvrCal_val 

brakeCntValidOvrEn_val 

brakeCrcValidOvrCal_val 

brakeCrcValidOvrEn_val 

brakeDriverActivityOvrCal_val 

brakeDriverActivityOvrEn_val 

brakeDriverOverride_CANOvrCal_val 

brakeDriverOverride_CANOvrEn_val 

brakeDriverOverride_PedalOvrCal_val 

brakeDriverOverride_PedalOvrEn_val 

brakeFaultOvrCal_val 

brakeFaultOvrEn_val 

brakePedalPositionOvrEn_val 

button_debouncedOvrCal_val 

button_debouncedOvrEn_val 

button_inputOvrCal_val 

button_inputOvrEn_val 

buzzerOvrCal_val 

buzzerOvrEn_val 

cmd_EPB_45OvrEn_val 

cmd_brakeLightsOvrCal_val 

cmd_brakeLightsOvrEn_val 

cmd_brakePedalPositionOvrEn_val 

cmd_brakePedalPositionRateOvrEn_val 

commandedGearOvrEn_val 

drivingLightsOvrEn_val 

engaged_engagedOvrCal_val 

engaged_engagedOvrEn_val 

gearOvrEn_val 

greenLEDDutyOvrEn_val 

greenLEDEnableOvrCal_val 

greenLEDEnableOvrEn_val 

greenLEDFreqOvrEn_val 

redLEDDutyOvrEn_val 

redLEDEnableOvrCal_val 

redLEDEnableOvrEn_val 

redLEDFreqOvrEn_val 

selectAccessoryOvrCal_val 

selectAccessoryOvrEn_val 

selectBrakeOvrCal_val 

selectBrakeOvrEn_val 

selectShiftOvrCal_val 

selectShiftOvrEn_val 

selectSteerOvrCal_val 

selectSteerOvrEn_val 

selectThrottleOvrCal_val 

selectThrottleOvrEn_val 

shiftAgeValidOvrCal_val 

shiftAgeValidOvrEn_val 

shiftCanFaultOvrCal_val 

shiftCanFaultOvrEn_val 

shiftCntValidOvrCal_val 

shiftCntValidOvrEn_val 

shiftCrcValidOvrCal_val 

shiftCrcValidOvrEn_val 

shiftFaultOvrCal_val 

shiftFaultOvrEn_val 

steerAgeValidOvrCal_val 

steerAgeValidOvrEn_val 

steerCanFaultOvrCal_val 

steerCanFaultOvrEn_val 

steerCntValidOvrCal_val 

steerCntValidOvrEn_val 

steerCrcValidOvrCal_val 

steerCrcValidOvrEn_val 

steerDriverOverrideOvrCal_val 

steerDriverOverrideOvrEn_val 

steerEngagedOvrCal_val 

steerEngagedOvrEn_val 

steerFaultOvrCal_val 

steerFaultOvrEn_val 

steeringWheelAngleCommand_DegOvrEn_val 

steeringWheelAngleRateCommandOvrEn_val 

steeringWheelAngleRateSetpointOvrEn_val 

steeringWheelAngleSetpoint_DegOvrEn_val 

steeringWheelAngle_rawOvrEn_val 

steering_feedback_eps_statusOvrEn_val 

subsystemSelectOvrEn_val 

systemAgeOvrEn_val 

systemAgeValidOvrEn_val 

systemCanFaultOvrCal_val 

systemCanFaultOvrEn_val 

systemClearOverrideOvrCal_val 

systemClearOverrideOvrEn_val 

systemCntValidOvrCal_val 

systemCntValidOvrEn_val 

systemCrcValidOvrCal_val 

systemCrcValidOvrEn_val 

systemFaultOvrCal_val 

systemFaultOvrEn_val 

systemRequestADSEngagedOvrCal_val 

systemRequestADSEngagedOvrEn_val 

testShiftEngagedOvrCal_val 

testShiftEngagedOvrEn_val 

throttleAgeValidOvrCal_val 

throttleAgeValidOvrEn_val 

throttleCanFaultOvrCal_val 

throttleCanFaultOvrEn_val 

throttleCntValidOvrCal_val 

throttleCntValidOvrEn_val 

throttleCrcValidOvrCal_val 

throttleCrcValidOvrEn_val 

throttleDriverActivityOvrCal_val 

throttleDriverActivityOvrEn_val 

throttleDriverOverride_CANOvrCal_val 

throttleDriverOverride_CANOvrEn_val 

throttleDriverOverride_PedalOvrCal_val 

throttleDriverOverride_PedalOvrEn_val 

throttleFaultOvrCal_val 

throttleFaultOvrEn_val 

throttlePedalPositionOvrEn_val 

turnSignalOvrEn_val 

userCallForHelpOvrCal_val 

userCallForHelpOvrEn_val 

userEstopOvrCal_val 

userEstopOvrEn_val 

userLockUnlockOvrCal_val 

userLockUnlockOvrEn_val 

userPulloverOvrCal_val 

userPulloverOvrEn_val 

wiperOvrEn_val 

yellowLEDDutyOvrEn_val 

yellowLEDEnableOvrCal_val 

yellowLEDEnableOvrEn_val 

yellowLEDFreqOvrEn_val 

ADC_BrakepedalPOS 

CMD_DoorFROvrCal_val 

CMD_hornOvrCal_val 

DBW_EPB_cmd_7A4OvrCal_val 

SSC_driverOverrideByteOvrCal_val 

SSC_faultOverrideByteOvrCal_val 

SSC_subsystemSelectOvrCal_val 

Set_AllowedFaultOccuranceOfMsgCounter_AccessoryCommand 

Set_AllowedFaultOccuranceOfMsgCounter_BrakeCommand 

Set_AllowedFaultOccuranceOfMsgCounter_ShiftCommand 

Set_AllowedFaultOccuranceOfMsgCounter_SteerCommand 

Set_AllowedFaultOccuranceOfMsgCounter_SystemCommand 

Set_AllowedFaultOccuranceOfMsgCounter_ThrottleCommand 

cmd_EPB_45OvrCal_val 

commandedGearOvrCal_val 

drivingLightsOvrCal_val 

gearOvrCal_val 

subsystemSelectOvrCal_val 

turnSignalOvrCal_val 

wiperOvrCal_val 

systemAgeOvrMsr
redLEDDutyOvrMsr
greenLEDDutyOvrMsr
yellowLEDDutyOvrMsr
greenLEDFreqOvrMsr
yellowLEDFreqOvrMsr
redLEDFreqOvrMsr
systemAgeValidOvrMsr
acceleratorPositionRateOvrMsr
acceleratorPositionOvrMsr
cmd_brakePedalPositionRateOvrMsr
cmd_brakePedalPositionOvrMsr
Veh_7BCLF_Wheel_spdOvrMsr
Veh_7BCRF_Wheel_spdOvrMsr
Veh_7BCLR_Wheel_spdOvrMsr
Veh_7BCRR_Wheel_spdOvrMsr
brakePedalPositionOvrMsr
throttlePedalPositionOvrMsr
steeringWheelAngleCommand_DegOvrMsr
steeringWheelAngleSetpoint_DegOvrMsr
DriveCmd_AccCmdOvrMsr
DriveCmd_BrakeDecelCmdOvrMsr
SteeringCmd_AngelCmdOvrMsr
steeringWheelAngleRateCommandOvrMsr
steeringWheelAngleRateSetpointOvrMsr
SteeringCmd_AngelRateCmdOvrMsr
steering_feedback_eps_statusOvrMsr
steer_angle_cmd_byte_0
steer_angle_cmd_byte_1
steeringWheelAngle_rawOvrMsr
DriveCmd_GearCmdOvrMsr
subsystemSelectOvrMsr
SSC_subsystemSelectOvrMsr
SSC_driverOverrideByteOvrMsr
SSC_faultOverrideByteOvrMsr
drivingLightsOvrMsr
gearOvrMsr
commandedGearOvrMsr
CMD_DoorFROvrMsr
turnSignalOvrMsr
CMD_hornOvrMsr
cmd_EPB_45OvrMsr
DBW_EPB_cmd_7A4OvrMsr
systemState
wiperOvrMsr
Diag_CheckThrottleCommandCounter_faultCount
Diag_CheckThrottleCommandCounter_prev
Diag_CheckThrottleCommandCounter_crt
Diag_CheckSystemCommandCounter_faultCount
Diag_CheckSystemCommandCounter_prev
Diag_CheckSystemCommandCounter_crt
Diag_CheckSteerCommandCounter_faultCount
Diag_CheckSteerCommandCounter_prev
Diag_CheckSteerCommandCounter_crt
Diag_CheckShiftCommandCounter_faultCount
Diag_CheckShiftCommandCounter_prev
Diag_CheckShiftCommandCounter_crt
Diag_CheckBrakeCommandCounter_faultCount
Diag_CheckBrakeCommandCounter_prev
Diag_CheckBrakeCommandCounter_crt
Diag_CheckAccessoryCommandCounter_faultCount
Diag_CheckAccessoryCommandCounter_prev
Diag_CheckAccessoryCommandCounter_crt
accessoryFaultOvrMsr
Vehicle7BBAgeValidOvrMsr
brakeFaultOvrMsr
Vehicle7B9AgeValidOvrMsr
shiftFaultOvrMsr
throttleFaultOvrMsr
EPOOvrMsr
systemFaultOvrMsr
SSC_faultOvrMsr
brakeDriverActivityOvrMsr
throttleDriverActivityOvrMsr
SSC_driverActivityOvrMsr
systemCntValidOvrMsr
systemCrcValidOvrMsr
systemRequestADSEngagedOvrMsr
SSC_requestADSEngagedOvrMsr
selectAccessoryOvrMsr
selectBrakeOvrMsr
selectShiftOvrMsr
selectSteerOvrMsr
selectThrottleOvrMsr
systemClearOverrideOvrMsr
SSC_clearOverrideOvrMsr
brakeDriverOverride_CANOvrMsr
brakeDriverOverride_PedalOvrMsr
steerDriverOverrideOvrMsr
throttleDriverOverride_CANOvrMsr
throttleDriverOverride_PedalOvrMsr
SSC_driverOverrideOvrMsr
accessoryAgeValidOvrMsr
accessoryCntValidOvrMsr
accessoryCrcValidOvrMsr
accessoryCanFaultOvrMsr
brakeAgeValidOvrMsr
brakeCntValidOvrMsr
brakeCrcValidOvrMsr
brakeCanFaultOvrMsr
shiftAgeValidOvrMsr
shiftCntValidOvrMsr
shiftCrcValidOvrMsr
shiftCanFaultOvrMsr
steerAgeValidOvrMsr
steerCntValidOvrMsr
steerCrcValidOvrMsr
steerCanFaultOvrMsr
throttleAgeValidOvrMsr
throttleCntValidOvrMsr
throttleCrcValidOvrMsr
throttleCanFaultOvrMsr
systemCanFaultOvrMsr
SSC_canFaultOvrMsr
adcCapableOvrMsr
SSC_adcCapableOvrMsr
button_inputOvrMsr
REVOvrMsr
F_R_2OvrMsr
MAIN_NOOvrMsr
FWDOvrMsr
userPulloverOvrMsr
userLockUnlockOvrMsr
userCallForHelpOvrMsr
userEstopOvrMsr
greenLEDEnableOvrMsr
LSO03_PIN14OvrMsr
yellowLEDEnableOvrMsr
LSO05_PIN46OvrMsr
redLEDEnableOvrMsr
LSO04_PIN45OvrMsr
buzzerOvrMsr
LSO06_PIN13OvrMsr
engaged_engagedOvrMsr
LightControl_LowBeamOvrMsr
LightControl_HighBeamOvrMsr
steerEngagedOvrMsr
MiscControl_LeftturnOvrMsr
MiscControl_HazardOvrMsr
MiscControl_RightturnOvrMsr
MiscControl_horn_flgOvrMsr
button_debouncedOvrMsr
Vehicle7BCAgeValidOvrMsr
Vehicle7B4AgeValidOvrMsr
Vehicle7B5AgeValidOvrMsr
Vehicle7BFAgeValidOvrMsr
Veh_7B2ageValidOvrMsr
Vehicle7BA_AgeValidOvrMsr
Vehicle7D3AgeValidOvrMsr
Vehicle7BEAgeValidOvrMsr
Vehicle7B0AgeValidOvrMsr
Vehicle7B1AgeValidOvrMsr
Vehicle7B3AgeValidOvrMsr
testShiftEngagedOvrMsr
cmd_brakeLightsOvrMsr
steerFaultOvrMsr
Pwr_flgKeyOn
Pwr_flgKeyOnDbnc
Pwr_flgKeyOnRaw
Pwr_flgCANARx
PwrM_flgKeyOnDelay
PwrM_flgKeyOnRaw
